Data Time:04/01/2021 14:27:12, Message:Response received from URL, Event Name:, Control Name:, Line No.:59, Class Name:Program.cs
Data Time:04/01/2021 14:27:40, Message:The remote name could not be resolved: 'ecu.114.testy', Event Name:, Control Name:, Line No.:64, Class Name:Program.cs
Data Time:04/01/2021 14:29:19, Message:Response received from URL, Event Name:, Control Name:, Line No.:59, Class Name:Program.cs
Data Time:04/01/2021 14:29:40, Message:The remote name could not be resolved: 'ecu.114.testy', Event Name:, Control Name:, Line No.:64, Class Name:Program.cs
Data Time:04/01/2021 14:30:13, Message:Response received from URL, Event Name:, Control Name:, Line No.:59, Class Name:Program.cs
Data Time:04/01/2021 14:35:03, Message:Response received from URL, Event Name:, Control Name:, Line No.:59, Class Name:Program.cs
Data Time:04/01/2021 14:35:24, Message:Unable to connect to the remote server, Event Name:, Control Name:, Line No.:64, Class Name:Program.cs
Data Time:04/01/2021 14:35:25, Message:Response received from URL, Event Name:, Control Name:, Line No.:59, Class Name:Program.cs
Data Time:04/01/2021 14:41:20, Message:Response received from URL, Event Name:, Control Name:, Line No.:59, Class Name:Program.cs
Data Time:04/01/2021 14:41:41, Message:Unable to connect to the remote server, Event Name:, Control Name:, Line No.:64, Class Name:Program.cs
Data Time:04/01/2021 14:41:42, Message:Response received from URL, Event Name:, Control Name:, Line No.:59, Class Name:Program.cs
Data Time:04/01/2021 14:45:37, Message:Response received from URL, Event Name:, Control Name:, Line No.:59, Class Name:Program.cs
Data Time:04/01/2021 14:45:59, Message:Unable to connect to the remote server, Event Name:, Control Name:, Line No.:64, Class Name:Program.cs
Data Time:04/01/2021 14:47:43, Message:Response received from URL, Event Name:, Control Name:, Line No.:59, Class Name:Program.cs
Data Time:04/01/2021 15:04:36, Message:Response received from URL, Event Name:, Control Name:, Line No.:59, Class Name:Program.cs
Data Time:04/01/2021 15:04:57, Message:Unable to connect to the remote server, Event Name:, Control Name:, Line No.:64, Class Name:Program.cs
Data Time:04/01/2021 15:05:04, Message:Response received from URL, Event Name:, Control Name:, Line No.:59, Class Name:Program.cs
Data Time:04/01/2021 15:07:08, Message:Response received from URL, Event Name:, Control Name:, Line No.:59, Class Name:Program.cs
Data Time:04/01/2021 15:07:29, Message:Unable to connect to the remote server, Event Name:, Control Name:, Line No.:64, Class Name:Program.cs
Data Time:04/01/2021 15:09:30, Message:Response received from URL, Event Name:, Control Name:, Line No.:59, Class Name:Program.cs
Data Time:04/01/2021 15:13:21, Message:Response received from URL, Event Name:, Control Name:, Line No.:59, Class Name:Program.cs
Data Time:04/01/2021 15:13:42, Message:Unable to connect to the remote server, Event Name:, Control Name:, Line No.:64, Class Name:Program.cs
Data Time:04/01/2021 15:15:04, Message:Response received from URL, Event Name:, Control Name:, Line No.:59, Class Name:Program.cs
Data Time:04/01/2021 15:25:03, Message:Response received from URL, Event Name:, Control Name:, Line No.:59, Class Name:Program.cs
Data Time:04/01/2021 15:25:24, Message:Unable to connect to the remote server, Event Name:, Control Name:, Line No.:64, Class Name:Program.cs
Data Time:04/01/2021 15:25:43, Message:Response received from URL, Event Name:, Control Name:, Line No.:59, Class Name:Program.cs
Data Time:04/01/2021 15:27:42, Message:Response received from URL, Event Name:, Control Name:, Line No.:59, Class Name:Program.cs
Data Time:04/01/2021 15:28:04, Message:Unable to connect to the remote server, Event Name:, Control Name:, Line No.:64, Class Name:Program.cs
Data Time:04/01/2021 15:28:10, Message:Response received from URL, Event Name:, Control Name:, Line No.:59, Class Name:Program.cs
Data Time:04/01/2021 15:29:21, Message:Response received from URL, Event Name:, Control Name:, Line No.:59, Class Name:Program.cs
Data Time:04/01/2021 15:29:42, Message:Unable to connect to the remote server, Event Name:, Control Name:, Line No.:64, Class Name:Program.cs
Data Time:04/01/2021 15:30:01, Message:Response received from URL, Event Name:, Control Name:, Line No.:59, Class Name:Program.cs
Data Time:04/01/2021 15:33:42, Message:Response received from URL, Event Name:, Control Name:, Line No.:59, Class Name:Program.cs
Data Time:04/01/2021 15:34:03, Message:Unable to connect to the remote server, Event Name:, Control Name:, Line No.:64, Class Name:Program.cs
Data Time:04/01/2021 15:34:11, Message:Response received from URL, Event Name:, Control Name:, Line No.:59, Class Name:Program.cs
Data Time:04/01/2021 15:35:40, Message:Response received from URL, Event Name:, Control Name:, Line No.:59, Class Name:Program.cs
Data Time:04/01/2021 15:36:01, Message:Unable to connect to the remote server, Event Name:, Control Name:, Line No.:64, Class Name:Program.cs
Data Time:04/01/2021 15:36:05, Message:Response received from URL, Event Name:, Control Name:, Line No.:59, Class Name:Program.cs
Data Time:04/01/2021 15:39:12, Message:Response received from URL, Event Name:, Control Name:, Line No.:59, Class Name:Program.cs
Data Time:04/01/2021 15:39:33, Message:Unable to connect to the remote server, Event Name:, Control Name:, Line No.:64, Class Name:Program.cs
Data Time:04/01/2021 15:39:34, Message:Response received from URL, Event Name:, Control Name:, Line No.:59, Class Name:Program.cs
Data Time:04/01/2021 15:44:15, Message:Response received from URL, Event Name:, Control Name:, Line No.:59, Class Name:Program.cs
Data Time:04/01/2021 15:44:40, Message:The operation has timed out, Event Name:, Control Name:, Line No.:64, Class Name:Program.cs
Data Time:04/01/2021 15:44:41, Message:Response received from URL, Event Name:, Control Name:, Line No.:59, Class Name:Program.cs
Data Time:04/01/2021 15:48:28, Message:Response received from URL, Event Name:, Control Name:, Line No.:59, Class Name:Program.cs
Data Time:04/01/2021 15:48:28, Message:Response received from URL, Event Name:, Control Name:, Line No.:59, Class Name:Program.cs
Data Time:04/01/2021 15:48:28, Message:Response received from URL, Event Name:, Control Name:, Line No.:59, Class Name:Program.cs
Data Time:04/01/2021 15:49:48, Message:Response received from URL, Event Name:, Control Name:, Line No.:59, Class Name:Program.cs
Data Time:04/01/2021 15:49:49, Message:Response received from URL, Event Name:, Control Name:, Line No.:59, Class Name:Program.cs
Data Time:04/01/2021 15:49:49, Message:Response received from URL, Event Name:, Control Name:, Line No.:59, Class Name:Program.cs
Data Time:04/01/2021 15:50:01, Message:Response received from URL, Event Name:, Control Name:, Line No.:59, Class Name:Program.cs
Data Time:04/01/2021 15:50:02, Message:Response received from URL, Event Name:, Control Name:, Line No.:59, Class Name:Program.cs
Data Time:04/01/2021 15:50:02, Message:Response received from URL, Event Name:, Control Name:, Line No.:59, Class Name:Program.cs
Data Time:04/01/2021 15:50:50, Message:Response received from URL, Event Name:, Control Name:, Line No.:59, Class Name:Program.cs
Data Time:04/01/2021 15:51:07, Message:Response received from URL, Event Name:, Control Name:, Line No.:59, Class Name:Program.cs
Data Time:04/01/2021 15:51:24, Message:Response received from URL, Event Name:, Control Name:, Line No.:59, Class Name:Program.cs
Data Time:04/01/2021 15:51:43, Message:Response received from URL, Event Name:, Control Name:, Line No.:59, Class Name:Program.cs
Data Time:04/01/2021 15:51:44, Message:Response received from URL, Event Name:, Control Name:, Line No.:59, Class Name:Program.cs
Data Time:04/01/2021 15:51:46, Message:Response received from URL, Event Name:, Control Name:, Line No.:59, Class Name:Program.cs
Data Time:04/01/2021 15:52:40, Message:The remote name could not be resolved: 'ecu.1399.test', Event Name:, Control Name:, Line No.:64, Class Name:Program.cs
Data Time:04/01/2021 15:52:44, Message:Response received from URL, Event Name:, Control Name:, Line No.:59, Class Name:Program.cs
Data Time:04/01/2021 15:52:45, Message:Response received from URL, Event Name:, Control Name:, Line No.:59, Class Name:Program.cs
Data Time:04/01/2021 15:53:45, Message:The remote name could not be resolved: 'ecu.1399.test', Event Name:, Control Name:, Line No.:64, Class Name:Program.cs
Data Time:04/01/2021 15:53:50, Message:Response received from URL, Event Name:, Control Name:, Line No.:59, Class Name:Program.cs
Data Time:04/01/2021 15:53:52, Message:Response received from URL, Event Name:, Control Name:, Line No.:59, Class Name:Program.cs
Data Time:04/01/2021 15:56:46, Message:The remote name could not be resolved: 'ecu.1399.test', Event Name:, Control Name:, Line No.:64, Class Name:Program.cs
Data Time:04/01/2021 15:56:47, Message:Response received from URL, Event Name:, Control Name:, Line No.:59, Class Name:Program.cs
Data Time:04/01/2021 15:56:47, Message:Response received from URL, Event Name:, Control Name:, Line No.:59, Class Name:Program.cs
Data Time:04/01/2021 15:57:15, Message:The remote name could not be resolved: 'ecu.1399.test', Event Name:, Control Name:, Line No.:64, Class Name:Program.cs
Data Time:04/01/2021 15:57:16, Message:Response received from URL, Event Name:, Control Name:, Line No.:59, Class Name:Program.cs
Data Time:04/01/2021 15:57:16, Message:Response received from URL, Event Name:, Control Name:, Line No.:59, Class Name:Program.cs
Data Time:04/01/2021 16:07:48, Message:The remote name could not be resolved: 'ecu.1399.test', Event Name:, Control Name:, Line No.:64, Class Name:Program.cs
Data Time:04/01/2021 16:07:58, Message:Response received from URL, Event Name:, Control Name:, Line No.:59, Class Name:Program.cs
Data Time:04/01/2021 16:07:58, Message:Response received from URL, Event Name:, Control Name:, Line No.:59, Class Name:Program.cs
Data Time:04/01/2021 16:08:35, Message:The remote name could not be resolved: 'ecu.1399.test', Event Name:, Control Name:, Line No.:64, Class Name:Program.cs
Data Time:04/01/2021 16:08:36, Message:Response received from URL, Event Name:, Control Name:, Line No.:59, Class Name:Program.cs
Data Time:04/01/2021 16:08:36, Message:Response received from URL, Event Name:, Control Name:, Line No.:59, Class Name:Program.cs
Data Time:04/01/2021 16:10:56, Message:The remote name could not be resolved: 'ecu.1399.test', Event Name:, Control Name:, Line No.:64, Class Name:Program.cs
Data Time:04/01/2021 16:10:58, Message:Response received from URL, Event Name:, Control Name:, Line No.:59, Class Name:Program.cs
Data Time:04/01/2021 16:10:58, Message:Response received from URL, Event Name:, Control Name:, Line No.:59, Class Name:Program.cs
Data Time:05/01/2021 06:43:05, Message:The remote name could not be resolved: 'ecu.1399.test', Event Name:, Control Name:, Line No.:64, Class Name:Program.cs
Data Time:05/01/2021 06:43:28, Message:Unable to connect to the remote server, Event Name:, Control Name:, Line No.:64, Class Name:Program.cs
Data Time:05/01/2021 06:43:31, Message:Response received from URL, Event Name:, Control Name:, Line No.:59, Class Name:Program.cs
Data Time:05/01/2021 06:43:31, Message:Response received from URL, Event Name:, Control Name:, Line No.:59, Class Name:Program.cs
Data Time:05/01/2021 06:44:53, Message:The remote name could not be resolved: 'ecu.1399.test', Event Name:, Control Name:, Line No.:64, Class Name:Program.cs
Data Time:05/01/2021 06:45:16, Message:Unable to connect to the remote server, Event Name:, Control Name:, Line No.:64, Class Name:Program.cs
Data Time:05/01/2021 06:45:17, Message:Response received from URL, Event Name:, Control Name:, Line No.:59, Class Name:Program.cs
Data Time:05/01/2021 06:45:17, Message:Response received from URL, Event Name:, Control Name:, Line No.:59, Class Name:Program.cs
Data Time:05/01/2021 06:45:18, Message:The remote server returned an error: (404) Not Found., Event Name:, Control Name:, Line No.:64, Class Name:Program.cs
Data Time:05/01/2021 07:29:38, Message:The remote name could not be resolved: 'ecu.1399.test', Event Name:, Control Name:, Line No.:64, Class Name:Program.cs
Data Time:05/01/2021 07:31:08, Message:Unable to connect to the remote server, Event Name:, Control Name:, Line No.:64, Class Name:Program.cs
Data Time:05/01/2021 07:31:14, Message:Response received from URL, Event Name:, Control Name:, Line No.:59, Class Name:Program.cs
Data Time:05/01/2021 07:31:16, Message:Response received from URL, Event Name:, Control Name:, Line No.:59, Class Name:Program.cs
Data Time:05/01/2021 07:31:20, Message:The remote server returned an error: (404) Not Found., Event Name:, Control Name:, Line No.:64, Class Name:Program.cs
Data Time:05/01/2021 07:40:10, Message:The remote name could not be resolved: 'ecu.1399.test', Event Name:, Control Name:, Line No.:71, Class Name:Program.cs
Data Time:05/01/2021 07:40:48, Message:Unable to connect to the remote server, Event Name:, Control Name:, Line No.:71, Class Name:Program.cs
Data Time:05/01/2021 07:40:49, Message:Response received from URL, Event Name:, Control Name:, Line No.:60, Class Name:Program.cs
Data Time:05/01/2021 07:40:49, Message:Response received from URL, Event Name:, Control Name:, Line No.:60, Class Name:Program.cs
Data Time:05/01/2021 07:40:50, Message:The remote server returned an error: (404) Not Found., Event Name:, Control Name:, Line No.:71, Class Name:Program.cs
Data Time:05/01/2021 07:56:47, Message:The remote name could not be resolved: 'ecu.1399.test', Event Name:, Control Name:, Line No.:77, Class Name:Program.cs
Data Time:05/01/2021 07:57:13, Message:Unable to connect to the remote server, Event Name:, Control Name:, Line No.:77, Class Name:Program.cs
Data Time:05/01/2021 07:57:17, Message:Response received from URL, Event Name:, Control Name:, Line No.:60, Class Name:Program.cs
Data Time:05/01/2021 07:57:18, Message:Response received from URL, Event Name:, Control Name:, Line No.:60, Class Name:Program.cs
Data Time:05/01/2021 07:57:18, Message:The remote server returned an error: (404) Not Found., Event Name:, Control Name:, Line No.:77, Class Name:Program.cs
Data Time:05/01/2021 08:28:17, Message:The remote name could not be resolved: 'ecu.1399.test', Event Name:, Control Name:, Line No.:85, Class Name:Program.cs
Data Time:05/01/2021 08:28:41, Message:Unable to connect to the remote server, Event Name:, Control Name:, Line No.:85, Class Name:Program.cs
Data Time:05/01/2021 08:28:42, Message:Response received from URL, Event Name:, Control Name:, Line No.:60, Class Name:Program.cs
Data Time:05/01/2021 08:28:42, Message:Response received from URL, Event Name:, Control Name:, Line No.:60, Class Name:Program.cs
Data Time:05/01/2021 12:45:26, Message:The remote name could not be resolved: 'ecu.1399.test', Event Name:, Control Name:, Line No.:85, Class Name:Program.cs
Data Time:05/01/2021 12:45:49, Message:Unable to connect to the remote server, Event Name:, Control Name:, Line No.:85, Class Name:Program.cs
Data Time:05/01/2021 12:45:53, Message:Response received from URL, Event Name:, Control Name:, Line No.:60, Class Name:Program.cs
Data Time:05/01/2021 12:45:54, Message:Response received from URL, Event Name:, Control Name:, Line No.:60, Class Name:Program.cs
Data Time:05/01/2021 12:48:20, Message:The remote name could not be resolved: 'ecu.1399.test', Event Name:, Control Name:, Line No.:85, Class Name:Program.cs
Data Time:05/01/2021 12:48:45, Message:Unable to connect to the remote server, Event Name:, Control Name:, Line No.:85, Class Name:Program.cs
Data Time:05/01/2021 12:48:47, Message:Response received from URL, Event Name:, Control Name:, Line No.:60, Class Name:Program.cs
Data Time:05/01/2021 12:48:47, Message:Response received from URL, Event Name:, Control Name:, Line No.:60, Class Name:Program.cs
Data Time:05/01/2021 12:49:04, Message:The remote name could not be resolved: 'ecu.1399.test', Event Name:, Control Name:, Line No.:85, Class Name:Program.cs
Data Time:05/01/2021 12:49:30, Message:Unable to connect to the remote server, Event Name:, Control Name:, Line No.:85, Class Name:Program.cs
Data Time:05/01/2021 12:49:31, Message:Response received from URL, Event Name:, Control Name:, Line No.:60, Class Name:Program.cs
Data Time:05/01/2021 12:49:31, Message:Response received from URL, Event Name:, Control Name:, Line No.:60, Class Name:Program.cs
Data Time:05/01/2021 12:50:10, Message:The remote name could not be resolved: 'ecu.1399.test', Event Name:, Control Name:, Line No.:85, Class Name:Program.cs
Data Time:05/01/2021 12:50:38, Message:Unable to connect to the remote server, Event Name:, Control Name:, Line No.:85, Class Name:Program.cs
Data Time:05/01/2021 12:50:40, Message:Response received from URL, Event Name:, Control Name:, Line No.:60, Class Name:Program.cs
Data Time:05/01/2021 12:50:40, Message:Response received from URL, Event Name:, Control Name:, Line No.:60, Class Name:Program.cs
Data Time:05/01/2021 12:52:22, Message:The remote name could not be resolved: 'ecu.1399.test', Event Name:, Control Name:, Line No.:85, Class Name:Program.cs
Data Time:05/01/2021 12:52:47, Message:Unable to connect to the remote server, Event Name:, Control Name:, Line No.:85, Class Name:Program.cs
Data Time:05/01/2021 12:52:49, Message:Response received from URL, Event Name:, Control Name:, Line No.:60, Class Name:Program.cs
Data Time:05/01/2021 12:52:49, Message:Response received from URL, Event Name:, Control Name:, Line No.:60, Class Name:Program.cs
Data Time:07/01/2021 07:51:41, Message:The remote name could not be resolved: 'ecu.1399.test', Event Name:, Control Name:, Line No.:85, Class Name:Program.cs
Data Time:07/01/2021 07:52:03, Message:Unable to connect to the remote server, Event Name:, Control Name:, Line No.:85, Class Name:Program.cs
Data Time:07/01/2021 07:52:03, Message:Response received from URL, Event Name:, Control Name:, Line No.:60, Class Name:Program.cs
Data Time:07/01/2021 07:52:04, Message:Response received from URL, Event Name:, Control Name:, Line No.:60, Class Name:Program.cs
Data Time:07/01/2021 07:52:04, Message:Response received from URL, Event Name:, Control Name:, Line No.:60, Class Name:Program.cs
Data Time:07/01/2021 07:54:34, Message:The remote name could not be resolved: 'ecu.1399.test', Event Name:, Control Name:, Line No.:85, Class Name:Program.cs
Data Time:07/01/2021 07:54:56, Message:Unable to connect to the remote server, Event Name:, Control Name:, Line No.:85, Class Name:Program.cs
Data Time:07/01/2021 07:54:57, Message:Response received from URL, Event Name:, Control Name:, Line No.:60, Class Name:Program.cs
Data Time:07/01/2021 07:54:57, Message:Response received from URL, Event Name:, Control Name:, Line No.:60, Class Name:Program.cs
Data Time:07/01/2021 07:54:57, Message:Response received from URL, Event Name:, Control Name:, Line No.:60, Class Name:Program.cs
Data Time:07/01/2021 08:08:19, Message:The remote name could not be resolved: 'ecu.1399.test', Event Name:, Control Name:, Line No.:85, Class Name:Program.cs
Data Time:07/01/2021 08:08:41, Message:Unable to connect to the remote server, Event Name:, Control Name:, Line No.:85, Class Name:Program.cs
Data Time:07/01/2021 08:08:42, Message:Response received from URL, Event Name:http-//ecu.111.test, Control Name:, Line No.:60, Class Name:Program.cs
Data Time:07/01/2021 08:08:42, Message:Response received from URL, Event Name:https-//vtp.easyjet.com/vt100/, Control Name:, Line No.:60, Class Name:Program.cs
Data Time:07/01/2021 08:08:42, Message:Response received from URL, Event Name:http-//s217124dkvw1220/squaredupv33/logon?ReturnUrl=%2fsquaredupv33%2fpage%2fdashboard-eresapp-dashboard1, Control Name:, Line No.:60, Class Name:Program.cs
Data Time:07/01/2021 08:10:53, Message:The remote name could not be resolved: 'ecu.1399.test', Event Name:http-//ecu.1399.test, Control Name:, Line No.:85, Class Name:Program.cs
Data Time:07/01/2021 08:11:15, Message:Unable to connect to the remote server, Event Name:http-//ecu.114.test, Control Name:, Line No.:85, Class Name:Program.cs
Data Time:07/01/2021 08:11:16, Message:Response received from URL, Event Name:http-//ecu.111.test, Control Name:, Line No.:60, Class Name:Program.cs
Data Time:07/01/2021 08:11:16, Message:Response received from URL, Event Name:https-//vtp.easyjet.com/vt100/, Control Name:, Line No.:60, Class Name:Program.cs
Data Time:07/01/2021 08:11:16, Message:Response received from URL, Event Name:http-//s217124dkvw1220/squaredupv33/logon?ReturnUrl=%2fsquaredupv33%2fpage%2fdashboard-eresapp-dashboard1, Control Name:, Line No.:60, Class Name:Program.cs
Data Time:07/01/2021 08:14:44, Message:The remote name could not be resolved: 'ecu.1399.test', URL Name:http-//ecu.1399.test, Control Name:, Line No.:85, Class Name:Program.cs
Data Time:07/01/2021 08:15:07, Message:Unable to connect to the remote server, URL Name:http-//ecu.114.test, Control Name:, Line No.:85, Class Name:Program.cs
Data Time:07/01/2021 08:15:07, Message:Response received from URL, URL Name:<http://ecu.111.test>, Control Name:, Line No.:60, Class Name:Program.cs
Data Time:07/01/2021 08:15:08, Message:Response received from URL, URL Name:<https://vtp.easyjet.com/vt100/>, Control Name:, Line No.:60, Class Name:Program.cs
Data Time:07/01/2021 08:15:08, Message:Response received from URL, URL Name:<http://s217124dkvw1220/squaredupv33/logon?ReturnUrl=%2fsquaredupv33%2fpage%2fdashboard-eresapp-dashboard1>, Control Name:, Line No.:60, Class Name:Program.cs
Data Time:07/01/2021 08:16:57, Message:The remote name could not be resolved: 'ecu.1399.test', URL Name:<http://ecu.1399.test>, Control Name:, Line No.:85, Class Name:Program.cs
Data Time:07/01/2021 08:17:19, Message:Unable to connect to the remote server, URL Name:<http://ecu.114.test>, Control Name:, Line No.:85, Class Name:Program.cs
Data Time:07/01/2021 08:17:20, Message:Response received from URL, URL Name:<http://ecu.111.test>, Control Name:, Line No.:60, Class Name:Program.cs
Data Time:07/01/2021 08:17:20, Message:Response received from URL, URL Name:<https://vtp.easyjet.com/vt100/>, Control Name:, Line No.:60, Class Name:Program.cs
Data Time:07/01/2021 08:17:20, Message:Response received from URL, URL Name:<http://s217124dkvw1220/squaredupv33/logon?ReturnUrl=%2fsquaredupv33%2fpage%2fdashboard-eresapp-dashboard1>, Control Name:, Line No.:60, Class Name:Program.cs
Data Time:07/01/2021 08:21:59, Message:The remote name could not be resolved: 'ecu.1399.test', URL Name:<http://ecu.1399.test>, Control Name:, Line No.:85, Class Name:Program.cs
Data Time:07/01/2021 08:22:22, Message:Unable to connect to the remote server, URL Name:<http://ecu.114.test>, Control Name:, Line No.:85, Class Name:Program.cs
Data Time:07/01/2021 08:22:23, Message:Response received from URL, URL Name:<http://ecu.111.test>, Control Name:, Line No.:60, Class Name:Program.cs
Data Time:07/01/2021 08:22:24, Message:Response received from URL, URL Name:<https://vtp.easyjet.com/vt100/>, Control Name:, Line No.:60, Class Name:Program.cs
Data Time:07/01/2021 08:22:24, Message:Response received from URL, URL Name:<http://s217124dkvw1220/squaredupv33/logon?ReturnUrl=%2fsquaredupv33%2fpage%2fdashboard-eresapp-dashboard1>, Control Name:, Line No.:60, Class Name:Program.cs
Data Time:07/01/2021 08:46:10, Message:The remote name could not be resolved: 'ecu.1399.test', URL Name:<http://ecu.1399.test>, Control Name:, Line No.:85, Class Name:Program.cs
Data Time:07/01/2021 08:46:32, Message:Unable to connect to the remote server, URL Name:<http://ecu.114.test>, Control Name:, Line No.:85, Class Name:Program.cs
Data Time:07/01/2021 08:46:34, Message:Response received from URL, URL Name:<http://ecu.111.test>, Control Name:, Line No.:60, Class Name:Program.cs
Data Time:07/01/2021 08:46:35, Message:Response received from URL, URL Name:<https://vtp.easyjet.com/vt100/>, Control Name:, Line No.:60, Class Name:Program.cs
Data Time:07/01/2021 08:46:35, Message:Response received from URL, URL Name:<http://s217124dkvw1220/squaredupv33/logon?ReturnUrl=%2fsquaredupv33%2fpage%2fdashboard-eresapp-dashboard1>, Control Name:, Line No.:60, Class Name:Program.cs
Data Time:09/02/2021 05:41:40, Message:The remote name could not be resolved: 'ecu.1399.test', URL Name:<http://ecu.1399.test>, Control Name:, Line No.:85, Class Name:Program.cs
Data Time:09/02/2021 05:42:08, Message:The operation has timed out, URL Name:<http://ecu.114.test>, Control Name:, Line No.:85, Class Name:Program.cs
Data Time:09/02/2021 05:42:08, Message:Response received from URL, URL Name:<http://ecu.111.test>, Control Name:, Line No.:60, Class Name:Program.cs
Data Time:09/02/2021 05:42:08, Message:Response received from URL, URL Name:<https://vtp.easyjet.com/vt100/>, Control Name:, Line No.:60, Class Name:Program.cs
Data Time:09/02/2021 05:42:09, Message:Response received from URL, URL Name:<http://s217124dkvw1220/squaredupv33/logon?ReturnUrl=%2fsquaredupv33%2fpage%2fdashboard-eresapp-dashboard1>, Control Name:, Line No.:60, Class Name:Program.cs
Data Time:09/02/2021 05:47:47, Message:The remote name could not be resolved: 'ecu.1399.test', URL Name:<http://ecu.1399.test>, Control Name:, Line No.:85, Class Name:Program.cs
Data Time:09/02/2021 05:48:10, Message:Unable to connect to the remote server, URL Name:<http://ecu.114.test>, Control Name:, Line No.:85, Class Name:Program.cs
Data Time:09/02/2021 05:48:11, Message:Response received from URL, URL Name:<http://ecu.111.test>, Control Name:, Line No.:60, Class Name:Program.cs
Data Time:09/02/2021 05:48:11, Message:Response received from URL, URL Name:<https://vtp.easyjet.com/vt100/>, Control Name:, Line No.:60, Class Name:Program.cs
Data Time:09/02/2021 05:48:11, Message:Response received from URL, URL Name:<http://s217124dkvw1220/squaredupv33/logon?ReturnUrl=%2fsquaredupv33%2fpage%2fdashboard-eresapp-dashboard1>, Control Name:, Line No.:60, Class Name:Program.cs
Data Time:09/02/2021 05:52:09, Message:The remote name could not be resolved: 'ecu.1399.test', URL Name:<http://ecu.1399.test>, Control Name:, Line No.:85, Class Name:Program.cs
Data Time:09/02/2021 05:53:56, Message:Unable to connect to the remote server, URL Name:<http://ecu.114.test>, Control Name:, Line No.:85, Class Name:Program.cs
Data Time:09/02/2021 05:54:02, Message:Response received from URL, URL Name:<http://ecu.111.test>, Control Name:, Line No.:60, Class Name:Program.cs
Data Time:09/02/2021 05:54:03, Message:Response received from URL, URL Name:<https://vtp.easyjet.com/vt100/>, Control Name:, Line No.:60, Class Name:Program.cs
Data Time:09/02/2021 05:54:03, Message:Response received from URL, URL Name:<http://s217124dkvw1220/squaredupv33/logon?ReturnUrl=%2fsquaredupv33%2fpage%2fdashboard-eresapp-dashboard1>, Control Name:, Line No.:60, Class Name:Program.cs
Data Time:09/02/2021 05:54:10, Message:The remote name could not be resolved: 'ecu.1399.test', URL Name:<http://ecu.1399.test>, Control Name:, Line No.:85, Class Name:Program.cs
Data Time:09/02/2021 05:54:34, Message:Unable to connect to the remote server, URL Name:<http://ecu.114.test>, Control Name:, Line No.:85, Class Name:Program.cs
Data Time:09/02/2021 05:54:40, Message:Response received from URL, URL Name:<http://ecu.111.test>, Control Name:, Line No.:60, Class Name:Program.cs
Data Time:09/02/2021 05:54:40, Message:Response received from URL, URL Name:<https://vtp.easyjet.com/vt100/>, Control Name:, Line No.:60, Class Name:Program.cs
Data Time:09/02/2021 05:54:40, Message:Response received from URL, URL Name:<http://s217124dkvw1220/squaredupv33/logon?ReturnUrl=%2fsquaredupv33%2fpage%2fdashboard-eresapp-dashboard1>, Control Name:, Line No.:60, Class Name:Program.cs
Data Time:02/11/2021 07:15:30, Message:The operation has timed out, URL Name:<https://api.pman.easyjet.com/commercial-mnp/ancillary-product/v1/healthcheck;https://api.pman.easyjet.com/>, Control Name:, Line No.:85, Class Name:Program.cs
Data Time:02/11/2021 07:17:23, Message:The operation has timed out, URL Name:<https://api.pman.easyjet.com/commercial-mnp/ancillary-product/v1/healthcheck>, Control Name:, Line No.:85, Class Name:Program.cs
Data Time:02/11/2021 07:18:18, Message:The operation has timed out, URL Name:<https://api.pman.easyjet.com/>, Control Name:, Line No.:85, Class Name:Program.cs
Data Time:02/11/2021 07:19:45, Message:The operation has timed out, URL Name:<https://api.pman.easyjet.com/commercial-mnp/ancillary-product/v1/healthcheck>, Control Name:, Line No.:85, Class Name:Program.cs
Data Time:02/11/2021 07:20:11, Message:The operation has timed out, URL Name:<https://api.pman.easyjet.com>, Control Name:, Line No.:85, Class Name:Program.cs
